{"/home/yomna/Desktop/node-projects/workspacex/index.js": {"path":"/home/yomna/Desktop/node-projects/workspacex/index.js","statementMap":{"0":{"start":{"line":1,"column":16},"end":{"line":1,"column":34}},"1":{"start":{"line":2,"column":12},"end":{"line":2,"column":21}},"2":{"start":{"line":3,"column":13},"end":{"line":3,"column":28}},"3":{"start":{"line":5,"column":0},"end":{"line":5,"column":16}},"4":{"start":{"line":6,"column":0},"end":{"line":6,"column":24}},"5":{"start":{"line":8,"column":0},"end":{"line":8,"column":45}},"6":{"start":{"line":9,"column":0},"end":{"line":9,"column":51}},"7":{"start":{"line":10,"column":0},"end":{"line":10,"column":53}},"8":{"start":{"line":11,"column":0},"end":{"line":11,"column":50}},"9":{"start":{"line":12,"column":0},"end":{"line":12,"column":59}},"10":{"start":{"line":14,"column":13},"end":{"line":14,"column":37}},"11":{"start":{"line":15,"column":15},"end":{"line":17,"column":2}},"12":{"start":{"line":16,"column":2},"end":{"line":16,"column":52}},"13":{"start":{"line":19,"column":0},"end":{"line":19,"column":24}}},"fnMap":{"0":{"name":"(anonymous_0)","decl":{"start":{"line":15,"column":32},"end":{"line":15,"column":33}},"loc":{"start":{"line":15,"column":38},"end":{"line":17,"column":1}},"line":15}},"branchMap":{"0":{"loc":{"start":{"line":14,"column":13},"end":{"line":14,"column":37}},"type":"binary-expr","locations":[{"start":{"line":14,"column":13},"end":{"line":14,"column":29}},{"start":{"line":14,"column":33},"end":{"line":14,"column":37}}],"line":14}},"s":{"0":3,"1":3,"2":3,"3":3,"4":3,"5":3,"6":3,"7":3,"8":3,"9":3,"10":3,"11":3,"12":3,"13":3},"f":{"0":3},"b":{"0":[3,0]},"_coverageSchema":"1a1c01bbd47fc00a2c39e90264f33305004495a9","hash":"5c4a34d97dfc60d6f48bf7ad640a2f171fa50939"}
,"/home/yomna/Desktop/node-projects/workspacex/config/db.js": {"path":"/home/yomna/Desktop/node-projects/workspacex/config/db.js","statementMap":{"0":{"start":{"line":1,"column":14},"end":{"line":1,"column":30}},"1":{"start":{"line":3,"column":11},"end":{"line":8,"column":2}},"2":{"start":{"line":10,"column":0},"end":{"line":14,"column":3}},"3":{"start":{"line":11,"column":2},"end":{"line":13,"column":3}},"4":{"start":{"line":12,"column":4},"end":{"line":12,"column":54}},"5":{"start":{"line":16,"column":0},"end":{"line":25,"column":2}},"6":{"start":{"line":17,"column":2},"end":{"line":24,"column":5}},"7":{"start":{"line":18,"column":4},"end":{"line":23,"column":7}},"8":{"start":{"line":19,"column":6},"end":{"line":22,"column":7}},"9":{"start":{"line":19,"column":18},"end":{"line":19,"column":34}},"10":{"start":{"line":21,"column":8},"end":{"line":21,"column":20}},"11":{"start":{"line":27,"column":0},"end":{"line":27,"column":23}}},"fnMap":{"0":{"name":"(anonymous_0)","decl":{"start":{"line":10,"column":11},"end":{"line":10,"column":12}},"loc":{"start":{"line":10,"column":18},"end":{"line":14,"column":1}},"line":10},"1":{"name":"(anonymous_1)","decl":{"start":{"line":16,"column":8},"end":{"line":16,"column":9}},"loc":{"start":{"line":16,"column":26},"end":{"line":25,"column":1}},"line":16},"2":{"name":"(anonymous_2)","decl":{"start":{"line":17,"column":21},"end":{"line":17,"column":22}},"loc":{"start":{"line":17,"column":47},"end":{"line":24,"column":3}},"line":17},"3":{"name":"(anonymous_3)","decl":{"start":{"line":18,"column":16},"end":{"line":18,"column":17}},"loc":{"start":{"line":18,"column":33},"end":{"line":23,"column":5}},"line":18}},"branchMap":{"0":{"loc":{"start":{"line":11,"column":2},"end":{"line":13,"column":3}},"type":"if","locations":[{"start":{"line":11,"column":2},"end":{"line":13,"column":3}},{"start":{"line":11,"column":2},"end":{"line":13,"column":3}}],"line":11},"1":{"loc":{"start":{"line":19,"column":6},"end":{"line":22,"column":7}},"type":"if","locations":[{"start":{"line":19,"column":6},"end":{"line":22,"column":7}},{"start":{"line":19,"column":6},"end":{"line":22,"column":7}}],"line":19}},"s":{"0":3,"1":3,"2":3,"3":3,"4":0,"5":3,"6":103,"7":103,"8":103,"9":103,"10":0,"11":3},"f":{"0":3,"1":103,"2":103,"3":103},"b":{"0":[0,3],"1":[103,0]},"_coverageSchema":"1a1c01bbd47fc00a2c39e90264f33305004495a9","hash":"f7fd81df3559c6cc67dbb6157c3395ead56c1e29"}
,"/home/yomna/Desktop/node-projects/workspacex/models/staff.js": {"path":"/home/yomna/Desktop/node-projects/workspacex/models/staff.js","statementMap":{"0":{"start":{"line":1,"column":21},"end":{"line":1,"column":44}},"1":{"start":{"line":2,"column":15},"end":{"line":2,"column":32}},"2":{"start":{"line":3,"column":16},"end":{"line":3,"column":42}},"3":{"start":{"line":7,"column":8},"end":{"line":7,"column":20}},"4":{"start":{"line":8,"column":8},"end":{"line":8,"column":23}},"5":{"start":{"line":9,"column":8},"end":{"line":9,"column":36}},"6":{"start":{"line":10,"column":8},"end":{"line":10,"column":32}},"7":{"start":{"line":11,"column":8},"end":{"line":11,"column":28}},"8":{"start":{"line":12,"column":8},"end":{"line":12,"column":27}},"9":{"start":{"line":13,"column":8},"end":{"line":13,"column":29}},"10":{"start":{"line":14,"column":8},"end":{"line":14,"column":82}},"11":{"start":{"line":18,"column":8},"end":{"line":18,"column":117}},"12":{"start":{"line":18,"column":43},"end":{"line":18,"column":117}},"13":{"start":{"line":19,"column":8},"end":{"line":22,"column":9}},"14":{"start":{"line":20,"column":12},"end":{"line":21,"column":91}},"15":{"start":{"line":21,"column":16},"end":{"line":21,"column":91}},"16":{"start":{"line":23,"column":8},"end":{"line":23,"column":96}},"17":{"start":{"line":23,"column":45},"end":{"line":23,"column":96}},"18":{"start":{"line":24,"column":31},"end":{"line":24,"column":106}},"19":{"start":{"line":25,"column":8},"end":{"line":26,"column":71}},"20":{"start":{"line":26,"column":12},"end":{"line":26,"column":71}},"21":{"start":{"line":27,"column":8},"end":{"line":30,"column":9}},"22":{"start":{"line":28,"column":30},"end":{"line":28,"column":106}},"23":{"start":{"line":29,"column":12},"end":{"line":29,"column":95}},"24":{"start":{"line":29,"column":35},"end":{"line":29,"column":95}},"25":{"start":{"line":31,"column":8},"end":{"line":31,"column":32}},"26":{"start":{"line":35,"column":21},"end":{"line":35,"column":45}},"27":{"start":{"line":36,"column":29},"end":{"line":36,"column":72}},"28":{"start":{"line":37,"column":8},"end":{"line":37,"column":48}},"29":{"start":{"line":40,"column":8},"end":{"line":40,"column":29}},"30":{"start":{"line":41,"column":25},"end":{"line":41,"column":58}},"31":{"start":{"line":42,"column":8},"end":{"line":43,"column":30}},"32":{"start":{"line":43,"column":12},"end":{"line":43,"column":30}},"33":{"start":{"line":44,"column":22},"end":{"line":44,"column":77}},"34":{"start":{"line":45,"column":21},"end":{"line":45,"column":88}},"35":{"start":{"line":46,"column":8},"end":{"line":49,"column":9}},"36":{"start":{"line":47,"column":12},"end":{"line":47,"column":40}},"37":{"start":{"line":48,"column":12},"end":{"line":48,"column":42}},"38":{"start":{"line":50,"column":8},"end":{"line":52,"column":9}},"39":{"start":{"line":51,"column":12},"end":{"line":51,"column":41}},"40":{"start":{"line":53,"column":16},"end":{"line":53,"column":94}},"41":{"start":{"line":54,"column":8},"end":{"line":59,"column":9}},"42":{"start":{"line":55,"column":25},"end":{"line":55,"column":46}},"43":{"start":{"line":56,"column":12},"end":{"line":56,"column":26}},"44":{"start":{"line":58,"column":12},"end":{"line":58,"column":51}},"45":{"start":{"line":63,"column":8},"end":{"line":63,"column":116}},"46":{"start":{"line":63,"column":48},"end":{"line":63,"column":116}},"47":{"start":{"line":64,"column":21},"end":{"line":64,"column":98}},"48":{"start":{"line":65,"column":8},"end":{"line":65,"column":92}},"49":{"start":{"line":65,"column":35},"end":{"line":65,"column":92}},"50":{"start":{"line":66,"column":8},"end":{"line":70,"column":9}},"51":{"start":{"line":67,"column":12},"end":{"line":67,"column":35}},"52":{"start":{"line":69,"column":12},"end":{"line":69,"column":79}},"53":{"start":{"line":75,"column":0},"end":{"line":75,"column":29}}},"fnMap":{"0":{"name":"(anonymous_0)","decl":{"start":{"line":6,"column":4},"end":{"line":6,"column":5}},"loc":{"start":{"line":6,"column":18},"end":{"line":15,"column":5}},"line":6},"1":{"name":"(anonymous_1)","decl":{"start":{"line":17,"column":4},"end":{"line":17,"column":5}},"loc":{"start":{"line":17,"column":33},"end":{"line":32,"column":5}},"line":17},"2":{"name":"(anonymous_2)","decl":{"start":{"line":34,"column":4},"end":{"line":34,"column":5}},"loc":{"start":{"line":34,"column":20},"end":{"line":38,"column":5}},"line":34},"3":{"name":"(anonymous_3)","decl":{"start":{"line":39,"column":4},"end":{"line":39,"column":5}},"loc":{"start":{"line":39,"column":21},"end":{"line":60,"column":5}},"line":39},"4":{"name":"(anonymous_4)","decl":{"start":{"line":62,"column":4},"end":{"line":62,"column":5}},"loc":{"start":{"line":62,"column":18},"end":{"line":71,"column":5}},"line":62}},"branchMap":{"0":{"loc":{"start":{"line":18,"column":8},"end":{"line":18,"column":117}},"type":"if","locations":[{"start":{"line":18,"column":8},"end":{"line":18,"column":117}},{"start":{"line":18,"column":8},"end":{"line":18,"column":117}}],"line":18},"1":{"loc":{"start":{"line":20,"column":12},"end":{"line":21,"column":91}},"type":"if","locations":[{"start":{"line":20,"column":12},"end":{"line":21,"column":91}},{"start":{"line":20,"column":12},"end":{"line":21,"column":91}}],"line":20},"2":{"loc":{"start":{"line":20,"column":16},"end":{"line":20,"column":85}},"type":"binary-expr","locations":[{"start":{"line":20,"column":16},"end":{"line":20,"column":45}},{"start":{"line":20,"column":49},"end":{"line":20,"column":85}}],"line":20},"3":{"loc":{"start":{"line":23,"column":8},"end":{"line":23,"column":96}},"type":"if","locations":[{"start":{"line":23,"column":8},"end":{"line":23,"column":96}},{"start":{"line":23,"column":8},"end":{"line":23,"column":96}}],"line":23},"4":{"loc":{"start":{"line":25,"column":8},"end":{"line":26,"column":71}},"type":"if","locations":[{"start":{"line":25,"column":8},"end":{"line":26,"column":71}},{"start":{"line":25,"column":8},"end":{"line":26,"column":71}}],"line":25},"5":{"loc":{"start":{"line":27,"column":8},"end":{"line":30,"column":9}},"type":"if","locations":[{"start":{"line":27,"column":8},"end":{"line":30,"column":9}},{"start":{"line":27,"column":8},"end":{"line":30,"column":9}}],"line":27},"6":{"loc":{"start":{"line":29,"column":12},"end":{"line":29,"column":95}},"type":"if","locations":[{"start":{"line":29,"column":12},"end":{"line":29,"column":95}},{"start":{"line":29,"column":12},"end":{"line":29,"column":95}}],"line":29},"7":{"loc":{"start":{"line":42,"column":8},"end":{"line":43,"column":30}},"type":"if","locations":[{"start":{"line":42,"column":8},"end":{"line":43,"column":30}},{"start":{"line":42,"column":8},"end":{"line":43,"column":30}}],"line":42},"8":{"loc":{"start":{"line":46,"column":8},"end":{"line":49,"column":9}},"type":"if","locations":[{"start":{"line":46,"column":8},"end":{"line":49,"column":9}},{"start":{"line":46,"column":8},"end":{"line":49,"column":9}}],"line":46},"9":{"loc":{"start":{"line":63,"column":8},"end":{"line":63,"column":116}},"type":"if","locations":[{"start":{"line":63,"column":8},"end":{"line":63,"column":116}},{"start":{"line":63,"column":8},"end":{"line":63,"column":116}}],"line":63},"10":{"loc":{"start":{"line":63,"column":12},"end":{"line":63,"column":46}},"type":"binary-expr","locations":[{"start":{"line":63,"column":12},"end":{"line":63,"column":23}},{"start":{"line":63,"column":27},"end":{"line":63,"column":46}}],"line":63},"11":{"loc":{"start":{"line":65,"column":8},"end":{"line":65,"column":92}},"type":"if","locations":[{"start":{"line":65,"column":8},"end":{"line":65,"column":92}},{"start":{"line":65,"column":8},"end":{"line":65,"column":92}}],"line":65},"12":{"loc":{"start":{"line":65,"column":12},"end":{"line":65,"column":33}},"type":"binary-expr","locations":[{"start":{"line":65,"column":12},"end":{"line":65,"column":17}},{"start":{"line":65,"column":21},"end":{"line":65,"column":33}}],"line":65},"13":{"loc":{"start":{"line":66,"column":8},"end":{"line":70,"column":9}},"type":"if","locations":[{"start":{"line":66,"column":8},"end":{"line":70,"column":9}},{"start":{"line":66,"column":8},"end":{"line":70,"column":9}}],"line":66}},"s":{"0":3,"1":3,"2":3,"3":3,"4":3,"5":3,"6":3,"7":3,"8":3,"9":3,"10":3,"11":3,"12":0,"13":3,"14":12,"15":0,"16":3,"17":0,"18":3,"19":3,"20":1,"21":2,"22":0,"23":0,"24":0,"25":2,"26":3,"27":3,"28":3,"29":3,"30":3,"31":3,"32":1,"33":2,"34":2,"35":2,"36":0,"37":0,"38":2,"39":8,"40":2,"41":2,"42":2,"43":2,"44":0,"45":0,"46":0,"47":0,"48":0,"49":0,"50":0,"51":0,"52":0,"53":3},"f":{"0":3,"1":3,"2":3,"3":3,"4":0},"b":{"0":[0,3],"1":[0,12],"2":[12,12],"3":[0,3],"4":[1,2],"5":[0,2],"6":[0,0],"7":[1,2],"8":[0,2],"9":[0,0],"10":[0,0],"11":[0,0],"12":[0,0],"13":[0,0]},"_coverageSchema":"1a1c01bbd47fc00a2c39e90264f33305004495a9","hash":"f4cb81bdf2cd7e8b6412bba393eec1eefd0cecb5"}
,"/home/yomna/Desktop/node-projects/workspacex/routes/check_in.js": {"path":"/home/yomna/Desktop/node-projects/workspacex/routes/check_in.js","statementMap":{"0":{"start":{"line":1,"column":16},"end":{"line":1,"column":34}},"1":{"start":{"line":2,"column":15},"end":{"line":2,"column":31}},"2":{"start":{"line":3,"column":23},"end":{"line":3,"column":54}},"3":{"start":{"line":4,"column":21},"end":{"line":4,"column":44}},"4":{"start":{"line":6,"column":0},"end":{"line":16,"column":3}},"5":{"start":{"line":7,"column":15},"end":{"line":7,"column":37}},"6":{"start":{"line":8,"column":21},"end":{"line":8,"column":40}},"7":{"start":{"line":9,"column":16},"end":{"line":9,"column":106}},"8":{"start":{"line":10,"column":22},"end":{"line":10,"column":68}},"9":{"start":{"line":11,"column":23},"end":{"line":11,"column":68}},"10":{"start":{"line":12,"column":2},"end":{"line":12,"column":77}},"11":{"start":{"line":12,"column":22},"end":{"line":12,"column":77}},"12":{"start":{"line":13,"column":2},"end":{"line":13,"column":79}},"13":{"start":{"line":13,"column":23},"end":{"line":13,"column":79}},"14":{"start":{"line":14,"column":2},"end":{"line":14,"column":28}},"15":{"start":{"line":15,"column":2},"end":{"line":15,"column":55}},"16":{"start":{"line":18,"column":0},"end":{"line":18,"column":24}}},"fnMap":{"0":{"name":"(anonymous_0)","decl":{"start":{"line":6,"column":29},"end":{"line":6,"column":30}},"loc":{"start":{"line":6,"column":49},"end":{"line":16,"column":1}},"line":6}},"branchMap":{"0":{"loc":{"start":{"line":12,"column":2},"end":{"line":12,"column":77}},"type":"if","locations":[{"start":{"line":12,"column":2},"end":{"line":12,"column":77}},{"start":{"line":12,"column":2},"end":{"line":12,"column":77}}],"line":12},"1":{"loc":{"start":{"line":13,"column":2},"end":{"line":13,"column":79}},"type":"if","locations":[{"start":{"line":13,"column":2},"end":{"line":13,"column":79}},{"start":{"line":13,"column":2},"end":{"line":13,"column":79}}],"line":13}},"s":{"0":3,"1":3,"2":3,"3":3,"4":3,"5":3,"6":3,"7":3,"8":3,"9":3,"10":3,"11":2,"12":1,"13":0,"14":1,"15":1,"16":3},"f":{"0":3},"b":{"0":[2,1],"1":[0,1]},"_coverageSchema":"1a1c01bbd47fc00a2c39e90264f33305004495a9","hash":"3b4267ec7e788cd79a60a4bbfb379adfbbef547d"}
,"/home/yomna/Desktop/node-projects/workspacex/routes/customer.js": {"path":"/home/yomna/Desktop/node-projects/workspacex/routes/customer.js","statementMap":{"0":{"start":{"line":1,"column":16},"end":{"line":1,"column":34}},"1":{"start":{"line":2,"column":15},"end":{"line":2,"column":32}},"2":{"start":{"line":3,"column":15},"end":{"line":3,"column":31}},"3":{"start":{"line":4,"column":21},"end":{"line":4,"column":44}},"4":{"start":{"line":6,"column":0},"end":{"line":10,"column":3}},"5":{"start":{"line":7,"column":16},"end":{"line":7,"column":93}},"6":{"start":{"line":8,"column":17},"end":{"line":8,"column":42}},"7":{"start":{"line":9,"column":2},"end":{"line":9,"column":19}},"8":{"start":{"line":12,"column":0},"end":{"line":30,"column":3}},"9":{"start":{"line":13,"column":14},"end":{"line":13,"column":28}},"10":{"start":{"line":14,"column":17},"end":{"line":14,"column":34}},"11":{"start":{"line":16,"column":4},"end":{"line":16,"column":74}},"12":{"start":{"line":17,"column":15},"end":{"line":17,"column":40}},"13":{"start":{"line":18,"column":2},"end":{"line":21,"column":3}},"14":{"start":{"line":19,"column":4},"end":{"line":19,"column":46}},"15":{"start":{"line":20,"column":4},"end":{"line":20,"column":40}},"16":{"start":{"line":22,"column":23},"end":{"line":22,"column":51}},"17":{"start":{"line":23,"column":2},"end":{"line":28,"column":3}},"18":{"start":{"line":24,"column":4},"end":{"line":24,"column":35}},"19":{"start":{"line":26,"column":4},"end":{"line":26,"column":42}},"20":{"start":{"line":27,"column":4},"end":{"line":27,"column":40}},"21":{"start":{"line":29,"column":2},"end":{"line":29,"column":37}},"22":{"start":{"line":32,"column":0},"end":{"line":58,"column":3}},"23":{"start":{"line":33,"column":2},"end":{"line":57,"column":3}},"24":{"start":{"line":34,"column":29},"end":{"line":34,"column":40}},"25":{"start":{"line":35,"column":28},"end":{"line":35,"column":39}},"26":{"start":{"line":36,"column":16},"end":{"line":36,"column":30}},"27":{"start":{"line":37,"column":19},"end":{"line":37,"column":36}},"28":{"start":{"line":38,"column":17},"end":{"line":38,"column":41}},"29":{"start":{"line":39,"column":25},"end":{"line":39,"column":58}},"30":{"start":{"line":41,"column":6},"end":{"line":49,"column":11}},"31":{"start":{"line":51,"column":17},"end":{"line":51,"column":42}},"32":{"start":{"line":52,"column":4},"end":{"line":53,"column":46}},"33":{"start":{"line":52,"column":29},"end":{"line":52,"column":57}},"34":{"start":{"line":53,"column":9},"end":{"line":53,"column":46}},"35":{"start":{"line":55,"column":4},"end":{"line":55,"column":21}},"36":{"start":{"line":56,"column":4},"end":{"line":56,"column":38}},"37":{"start":{"line":60,"column":0},"end":{"line":60,"column":24}}},"fnMap":{"0":{"name":"(anonymous_0)","decl":{"start":{"line":6,"column":19},"end":{"line":6,"column":20}},"loc":{"start":{"line":6,"column":39},"end":{"line":10,"column":1}},"line":6},"1":{"name":"(anonymous_1)","decl":{"start":{"line":12,"column":22},"end":{"line":12,"column":23}},"loc":{"start":{"line":12,"column":42},"end":{"line":30,"column":1}},"line":12},"2":{"name":"(anonymous_2)","decl":{"start":{"line":32,"column":23},"end":{"line":32,"column":24}},"loc":{"start":{"line":32,"column":43},"end":{"line":58,"column":1}},"line":32}},"branchMap":{"0":{"loc":{"start":{"line":18,"column":2},"end":{"line":21,"column":3}},"type":"if","locations":[{"start":{"line":18,"column":2},"end":{"line":21,"column":3}},{"start":{"line":18,"column":2},"end":{"line":21,"column":3}}],"line":18},"1":{"loc":{"start":{"line":23,"column":2},"end":{"line":28,"column":3}},"type":"if","locations":[{"start":{"line":23,"column":2},"end":{"line":28,"column":3}},{"start":{"line":23,"column":2},"end":{"line":28,"column":3}}],"line":23},"2":{"loc":{"start":{"line":52,"column":4},"end":{"line":53,"column":46}},"type":"if","locations":[{"start":{"line":52,"column":4},"end":{"line":53,"column":46}},{"start":{"line":52,"column":4},"end":{"line":53,"column":46}}],"line":52}},"s":{"0":3,"1":3,"2":3,"3":3,"4":3,"5":0,"6":0,"7":0,"8":3,"9":0,"10":0,"11":0,"12":0,"13":0,"14":0,"15":0,"16":0,"17":0,"18":0,"19":0,"20":0,"21":0,"22":3,"23":0,"24":0,"25":0,"26":0,"27":0,"28":0,"29":0,"30":0,"31":0,"32":0,"33":0,"34":0,"35":0,"36":0,"37":3},"f":{"0":0,"1":0,"2":0},"b":{"0":[0,0],"1":[0,0],"2":[0,0]},"_coverageSchema":"1a1c01bbd47fc00a2c39e90264f33305004495a9","hash":"9eead0df5dc5d698cffac57a1ed46ab42267f984"}
,"/home/yomna/Desktop/node-projects/workspacex/routes/staff.js": {"path":"/home/yomna/Desktop/node-projects/workspacex/routes/staff.js","statementMap":{"0":{"start":{"line":1,"column":16},"end":{"line":1,"column":34}},"1":{"start":{"line":2,"column":15},"end":{"line":2,"column":31}},"2":{"start":{"line":3,"column":21},"end":{"line":3,"column":49}},"3":{"start":{"line":5,"column":0},"end":{"line":8,"column":3}},"4":{"start":{"line":6,"column":17},"end":{"line":6,"column":54}},"5":{"start":{"line":7,"column":2},"end":{"line":7,"column":19}},"6":{"start":{"line":9,"column":0},"end":{"line":12,"column":3}},"7":{"start":{"line":10,"column":17},"end":{"line":10,"column":76}},"8":{"start":{"line":11,"column":2},"end":{"line":11,"column":19}},"9":{"start":{"line":14,"column":0},"end":{"line":16,"column":3}},"10":{"start":{"line":15,"column":2},"end":{"line":15,"column":31}},"11":{"start":{"line":17,"column":0},"end":{"line":17,"column":24}}},"fnMap":{"0":{"name":"(anonymous_0)","decl":{"start":{"line":5,"column":23},"end":{"line":5,"column":24}},"loc":{"start":{"line":5,"column":43},"end":{"line":8,"column":1}},"line":5},"1":{"name":"(anonymous_1)","decl":{"start":{"line":9,"column":22},"end":{"line":9,"column":23}},"loc":{"start":{"line":9,"column":42},"end":{"line":12,"column":1}},"line":9},"2":{"name":"(anonymous_2)","decl":{"start":{"line":14,"column":16},"end":{"line":14,"column":17}},"loc":{"start":{"line":14,"column":36},"end":{"line":16,"column":1}},"line":14}},"branchMap":{},"s":{"0":3,"1":3,"2":3,"3":3,"4":3,"5":3,"6":3,"7":0,"8":0,"9":3,"10":0,"11":3},"f":{"0":3,"1":0,"2":0},"b":{},"_coverageSchema":"1a1c01bbd47fc00a2c39e90264f33305004495a9","hash":"aeffcaed5f688ffee6ef3e28c40bd103a55c21b6"}
,"/home/yomna/Desktop/node-projects/workspacex/routes/staff_dashboard.js": {"path":"/home/yomna/Desktop/node-projects/workspacex/routes/staff_dashboard.js","statementMap":{"0":{"start":{"line":1,"column":16},"end":{"line":1,"column":34}},"1":{"start":{"line":2,"column":15},"end":{"line":2,"column":31}},"2":{"start":{"line":3,"column":23},"end":{"line":3,"column":54}},"3":{"start":{"line":4,"column":21},"end":{"line":4,"column":44}},"4":{"start":{"line":6,"column":0},"end":{"line":13,"column":3}},"5":{"start":{"line":7,"column":15},"end":{"line":7,"column":37}},"6":{"start":{"line":8,"column":23},"end":{"line":8,"column":68}},"7":{"start":{"line":9,"column":2},"end":{"line":9,"column":79}},"8":{"start":{"line":9,"column":23},"end":{"line":9,"column":79}},"9":{"start":{"line":10,"column":16},"end":{"line":10,"column":271}},"10":{"start":{"line":11,"column":17},"end":{"line":11,"column":42}},"11":{"start":{"line":12,"column":2},"end":{"line":12,"column":47}},"12":{"start":{"line":15,"column":0},"end":{"line":15,"column":24}}},"fnMap":{"0":{"name":"(anonymous_0)","decl":{"start":{"line":6,"column":28},"end":{"line":6,"column":29}},"loc":{"start":{"line":6,"column":48},"end":{"line":13,"column":1}},"line":6}},"branchMap":{"0":{"loc":{"start":{"line":9,"column":2},"end":{"line":9,"column":79}},"type":"if","locations":[{"start":{"line":9,"column":2},"end":{"line":9,"column":79}},{"start":{"line":9,"column":2},"end":{"line":9,"column":79}}],"line":9}},"s":{"0":3,"1":3,"2":3,"3":3,"4":3,"5":2,"6":2,"7":2,"8":1,"9":1,"10":1,"11":1,"12":3},"f":{"0":2},"b":{"0":[1,1]},"_coverageSchema":"1a1c01bbd47fc00a2c39e90264f33305004495a9","hash":"93a8aa5625d6c429c2513fc3da3385302fe8762e"}
,"/home/yomna/Desktop/node-projects/workspacex/routes/workspace.js": {"path":"/home/yomna/Desktop/node-projects/workspacex/routes/workspace.js","statementMap":{"0":{"start":{"line":1,"column":16},"end":{"line":1,"column":34}},"1":{"start":{"line":2,"column":15},"end":{"line":2,"column":31}},"2":{"start":{"line":3,"column":21},"end":{"line":3,"column":44}},"3":{"start":{"line":5,"column":0},"end":{"line":28,"column":3}},"4":{"start":{"line":6,"column":2},"end":{"line":27,"column":3}},"5":{"start":{"line":7,"column":18},"end":{"line":7,"column":34}},"6":{"start":{"line":8,"column":15},"end":{"line":8,"column":28}},"7":{"start":{"line":9,"column":16},"end":{"line":9,"column":30}},"8":{"start":{"line":10,"column":4},"end":{"line":12,"column":5}},"9":{"start":{"line":11,"column":6},"end":{"line":11,"column":35}},"10":{"start":{"line":14,"column":6},"end":{"line":22,"column":10}},"11":{"start":{"line":23,"column":17},"end":{"line":23,"column":42}},"12":{"start":{"line":24,"column":4},"end":{"line":24,"column":21}},"13":{"start":{"line":26,"column":4},"end":{"line":26,"column":33}},"14":{"start":{"line":30,"column":0},"end":{"line":35,"column":3}},"15":{"start":{"line":31,"column":17},"end":{"line":33,"column":3}},"16":{"start":{"line":34,"column":2},"end":{"line":34,"column":19}},"17":{"start":{"line":37,"column":0},"end":{"line":40,"column":3}},"18":{"start":{"line":38,"column":17},"end":{"line":38,"column":62}},"19":{"start":{"line":39,"column":2},"end":{"line":39,"column":19}},"20":{"start":{"line":42,"column":0},"end":{"line":42,"column":24}}},"fnMap":{"0":{"name":"(anonymous_0)","decl":{"start":{"line":5,"column":20},"end":{"line":5,"column":21}},"loc":{"start":{"line":5,"column":40},"end":{"line":28,"column":1}},"line":5},"1":{"name":"(anonymous_1)","decl":{"start":{"line":30,"column":19},"end":{"line":30,"column":20}},"loc":{"start":{"line":30,"column":39},"end":{"line":35,"column":1}},"line":30},"2":{"name":"(anonymous_2)","decl":{"start":{"line":37,"column":16},"end":{"line":37,"column":17}},"loc":{"start":{"line":37,"column":36},"end":{"line":40,"column":1}},"line":37}},"branchMap":{"0":{"loc":{"start":{"line":10,"column":4},"end":{"line":12,"column":5}},"type":"if","locations":[{"start":{"line":10,"column":4},"end":{"line":12,"column":5}},{"start":{"line":10,"column":4},"end":{"line":12,"column":5}}],"line":10},"1":{"loc":{"start":{"line":10,"column":8},"end":{"line":10,"column":26}},"type":"binary-expr","locations":[{"start":{"line":10,"column":8},"end":{"line":10,"column":16}},{"start":{"line":10,"column":20},"end":{"line":10,"column":26}}],"line":10}},"s":{"0":3,"1":3,"2":3,"3":3,"4":0,"5":0,"6":0,"7":0,"8":0,"9":0,"10":0,"11":0,"12":0,"13":0,"14":3,"15":0,"16":0,"17":3,"18":0,"19":0,"20":3},"f":{"0":0,"1":0,"2":0},"b":{"0":[0,0],"1":[0,0]},"_coverageSchema":"1a1c01bbd47fc00a2c39e90264f33305004495a9","hash":"936a3bfc94cd3cd5cda4c36ca5a4b19b579597b6"}
,"/home/yomna/Desktop/node-projects/workspacex/services/check_in.js": {"path":"/home/yomna/Desktop/node-projects/workspacex/services/check_in.js","statementMap":{"0":{"start":{"line":1,"column":21},"end":{"line":1,"column":44}},"1":{"start":{"line":4,"column":16},"end":{"line":4,"column":58}},"2":{"start":{"line":5,"column":14},"end":{"line":5,"column":39}},"3":{"start":{"line":6,"column":2},"end":{"line":6,"column":34}},"4":{"start":{"line":6,"column":22},"end":{"line":6,"column":34}},"5":{"start":{"line":7,"column":2},"end":{"line":7,"column":15}},"6":{"start":{"line":11,"column":16},"end":{"line":11,"column":57}},"7":{"start":{"line":12,"column":14},"end":{"line":12,"column":39}},"8":{"start":{"line":13,"column":2},"end":{"line":13,"column":34}},"9":{"start":{"line":13,"column":22},"end":{"line":13,"column":34}},"10":{"start":{"line":14,"column":2},"end":{"line":14,"column":15}},"11":{"start":{"line":17,"column":0},"end":{"line":17,"column":55}},"12":{"start":{"line":18,"column":0},"end":{"line":18,"column":45}}},"fnMap":{"0":{"name":"isValidWorkspacdId","decl":{"start":{"line":3,"column":15},"end":{"line":3,"column":33}},"loc":{"start":{"line":3,"column":38},"end":{"line":8,"column":1}},"line":3},"1":{"name":"isValidUserId","decl":{"start":{"line":10,"column":15},"end":{"line":10,"column":28}},"loc":{"start":{"line":10,"column":33},"end":{"line":15,"column":1}},"line":10}},"branchMap":{"0":{"loc":{"start":{"line":6,"column":2},"end":{"line":6,"column":34}},"type":"if","locations":[{"start":{"line":6,"column":2},"end":{"line":6,"column":34}},{"start":{"line":6,"column":2},"end":{"line":6,"column":34}}],"line":6},"1":{"loc":{"start":{"line":13,"column":2},"end":{"line":13,"column":34}},"type":"if","locations":[{"start":{"line":13,"column":2},"end":{"line":13,"column":34}},{"start":{"line":13,"column":2},"end":{"line":13,"column":34}}],"line":13}},"s":{"0":3,"1":5,"2":5,"3":5,"4":2,"5":3,"6":3,"7":3,"8":3,"9":1,"10":2,"11":3,"12":3},"f":{"0":5,"1":3},"b":{"0":[2,3],"1":[1,2]},"_coverageSchema":"1a1c01bbd47fc00a2c39e90264f33305004495a9","hash":"ebfde0e19f0c7fedcb4f61cf191d8be96ce1e1dd"}
,"/home/yomna/Desktop/node-projects/workspacex/services/staff.js": {"path":"/home/yomna/Desktop/node-projects/workspacex/services/staff.js","statementMap":{"0":{"start":{"line":1,"column":20},"end":{"line":1,"column":46}},"1":{"start":{"line":2,"column":0},"end":{"line":23,"column":2}},"2":{"start":{"line":3,"column":14},"end":{"line":3,"column":24}},"3":{"start":{"line":4,"column":12},"end":{"line":4,"column":26}},"4":{"start":{"line":5,"column":12},"end":{"line":5,"column":25}},"5":{"start":{"line":6,"column":15},"end":{"line":6,"column":28}},"6":{"start":{"line":7,"column":15},"end":{"line":7,"column":32}},"7":{"start":{"line":8,"column":2},"end":{"line":8,"column":23}},"8":{"start":{"line":9,"column":2},"end":{"line":9,"column":34}},"9":{"start":{"line":10,"column":2},"end":{"line":10,"column":27}},"10":{"start":{"line":11,"column":2},"end":{"line":11,"column":26}},"11":{"start":{"line":12,"column":2},"end":{"line":12,"column":40}},"12":{"start":{"line":13,"column":2},"end":{"line":22,"column":3}},"13":{"start":{"line":14,"column":19},"end":{"line":14,"column":42}},"14":{"start":{"line":15,"column":4},"end":{"line":19,"column":5}},"15":{"start":{"line":16,"column":6},"end":{"line":16,"column":31}},"16":{"start":{"line":18,"column":6},"end":{"line":18,"column":20}},"17":{"start":{"line":21,"column":4},"end":{"line":21,"column":43}},"18":{"start":{"line":25,"column":0},"end":{"line":30,"column":2}},"19":{"start":{"line":26,"column":15},"end":{"line":26,"column":32}},"20":{"start":{"line":27,"column":2},"end":{"line":27,"column":23}},"21":{"start":{"line":28,"column":2},"end":{"line":28,"column":34}},"22":{"start":{"line":29,"column":2},"end":{"line":29,"column":24}},"23":{"start":{"line":31,"column":0},"end":{"line":31,"column":37}}},"fnMap":{"0":{"name":"(anonymous_0)","decl":{"start":{"line":2,"column":11},"end":{"line":2,"column":12}},"loc":{"start":{"line":2,"column":32},"end":{"line":23,"column":1}},"line":2},"1":{"name":"(anonymous_1)","decl":{"start":{"line":25,"column":8},"end":{"line":25,"column":9}},"loc":{"start":{"line":25,"column":40},"end":{"line":30,"column":1}},"line":25}},"branchMap":{"0":{"loc":{"start":{"line":15,"column":4},"end":{"line":19,"column":5}},"type":"if","locations":[{"start":{"line":15,"column":4},"end":{"line":19,"column":5}},{"start":{"line":15,"column":4},"end":{"line":19,"column":5}}],"line":15}},"s":{"0":3,"1":3,"2":3,"3":3,"4":3,"5":3,"6":3,"7":3,"8":3,"9":3,"10":3,"11":3,"12":3,"13":3,"14":3,"15":2,"16":1,"17":0,"18":3,"19":0,"20":0,"21":0,"22":0,"23":3},"f":{"0":3,"1":0},"b":{"0":[2,1]},"_coverageSchema":"1a1c01bbd47fc00a2c39e90264f33305004495a9","hash":"b414719233113ed5c811de0769c6b081f22c73d6"}
,"/home/yomna/Desktop/node-projects/workspacex/tests/random-entries/customer.js": {"path":"/home/yomna/Desktop/node-projects/workspacex/tests/random-entries/customer.js","statementMap":{"0":{"start":{"line":1,"column":21},"end":{"line":1,"column":47}},"1":{"start":{"line":2,"column":15},"end":{"line":2,"column":32}},"2":{"start":{"line":5,"column":20},"end":{"line":5,"column":56}},"3":{"start":{"line":6,"column":19},"end":{"line":6,"column":55}},"4":{"start":{"line":7,"column":16},"end":{"line":9,"column":41}},"5":{"start":{"line":10,"column":19},"end":{"line":10,"column":52}},"6":{"start":{"line":11,"column":15},"end":{"line":11,"column":39}},"7":{"start":{"line":12,"column":23},"end":{"line":12,"column":56}},"8":{"start":{"line":13,"column":11},"end":{"line":13,"column":49}},"9":{"start":{"line":14,"column":15},"end":{"line":14,"column":75}},"10":{"start":{"line":15,"column":16},"end":{"line":15,"column":170}},"11":{"start":{"line":16,"column":2},"end":{"line":16,"column":28}},"12":{"start":{"line":17,"column":2},"end":{"line":17,"column":14}},"13":{"start":{"line":20,"column":0},"end":{"line":27,"column":2}},"14":{"start":{"line":21,"column":14},"end":{"line":21,"column":16}},"15":{"start":{"line":22,"column":2},"end":{"line":25,"column":3}},"16":{"start":{"line":22,"column":15},"end":{"line":22,"column":16}},"17":{"start":{"line":23,"column":18},"end":{"line":23,"column":52}},"18":{"start":{"line":24,"column":4},"end":{"line":24,"column":24}},"19":{"start":{"line":26,"column":2},"end":{"line":26,"column":15}}},"fnMap":{"0":{"name":"insertCustomer","decl":{"start":{"line":4,"column":15},"end":{"line":4,"column":29}},"loc":{"start":{"line":4,"column":44},"end":{"line":18,"column":1}},"line":4},"1":{"name":"(anonymous_1)","decl":{"start":{"line":20,"column":17},"end":{"line":20,"column":18}},"loc":{"start":{"line":20,"column":51},"end":{"line":27,"column":1}},"line":20}},"branchMap":{},"s":{"0":2,"1":2,"2":50,"3":50,"4":50,"5":50,"6":50,"7":50,"8":50,"9":50,"10":50,"11":50,"12":50,"13":2,"14":2,"15":2,"16":2,"17":50,"18":50,"19":2},"f":{"0":50,"1":2},"b":{},"_coverageSchema":"1a1c01bbd47fc00a2c39e90264f33305004495a9","hash":"0391050302b4e83b515ce434eac2489ec593d80f"}
,"/home/yomna/Desktop/node-projects/workspacex/tests/random-entries/random-string.js": {"path":"/home/yomna/Desktop/node-projects/workspacex/tests/random-entries/random-string.js","statementMap":{"0":{"start":{"line":1,"column":0},"end":{"line":10,"column":2}},"1":{"start":{"line":2,"column":15},"end":{"line":2,"column":17}},"2":{"start":{"line":4,"column":4},"end":{"line":4,"column":68}},"3":{"start":{"line":5,"column":25},"end":{"line":5,"column":42}},"4":{"start":{"line":6,"column":2},"end":{"line":8,"column":3}},"5":{"start":{"line":6,"column":15},"end":{"line":6,"column":16}},"6":{"start":{"line":7,"column":4},"end":{"line":7,"column":78}},"7":{"start":{"line":9,"column":2},"end":{"line":9,"column":16}}},"fnMap":{"0":{"name":"(anonymous_0)","decl":{"start":{"line":1,"column":17},"end":{"line":1,"column":18}},"loc":{"start":{"line":1,"column":34},"end":{"line":10,"column":1}},"line":1}},"branchMap":{},"s":{"0":2,"1":380,"2":380,"3":380,"4":380,"5":380,"6":1911,"7":380},"f":{"0":380},"b":{},"_coverageSchema":"1a1c01bbd47fc00a2c39e90264f33305004495a9","hash":"c2e47caad30ba87b9989514c98b45507194ad201"}
,"/home/yomna/Desktop/node-projects/workspacex/tests/random-entries/workspace.js": {"path":"/home/yomna/Desktop/node-projects/workspacex/tests/random-entries/workspace.js","statementMap":{"0":{"start":{"line":1,"column":21},"end":{"line":1,"column":47}},"1":{"start":{"line":3,"column":15},"end":{"line":3,"column":63}},"2":{"start":{"line":4,"column":21},"end":{"line":4,"column":69}},"3":{"start":{"line":5,"column":23},"end":{"line":5,"column":54}},"4":{"start":{"line":6,"column":15},"end":{"line":6,"column":63}},"5":{"start":{"line":7,"column":19},"end":{"line":7,"column":37}},"6":{"start":{"line":8,"column":20},"end":{"line":8,"column":38}},"7":{"start":{"line":9,"column":16},"end":{"line":9,"column":32}},"8":{"start":{"line":10,"column":11},"end":{"line":10,"column":49}},"9":{"start":{"line":12,"column":13},"end":{"line":21,"column":3}},"10":{"start":{"line":22,"column":2},"end":{"line":24,"column":4}},"11":{"start":{"line":25,"column":2},"end":{"line":25,"column":12}},"12":{"start":{"line":28,"column":0},"end":{"line":35,"column":2}},"13":{"start":{"line":29,"column":19},"end":{"line":29,"column":21}},"14":{"start":{"line":30,"column":2},"end":{"line":33,"column":3}},"15":{"start":{"line":30,"column":15},"end":{"line":30,"column":16}},"16":{"start":{"line":31,"column":15},"end":{"line":31,"column":50}},"17":{"start":{"line":32,"column":4},"end":{"line":32,"column":24}},"18":{"start":{"line":34,"column":2},"end":{"line":34,"column":20}}},"fnMap":{"0":{"name":"insertWorkspace","decl":{"start":{"line":2,"column":15},"end":{"line":2,"column":30}},"loc":{"start":{"line":2,"column":45},"end":{"line":26,"column":1}},"line":2},"1":{"name":"(anonymous_1)","decl":{"start":{"line":28,"column":17},"end":{"line":28,"column":18}},"loc":{"start":{"line":28,"column":51},"end":{"line":35,"column":1}},"line":28}},"branchMap":{},"s":{"0":2,"1":20,"2":20,"3":20,"4":20,"5":20,"6":20,"7":20,"8":20,"9":20,"10":20,"11":20,"12":2,"13":2,"14":2,"15":2,"16":20,"17":20,"18":2},"f":{"0":20,"1":2},"b":{},"_coverageSchema":"1a1c01bbd47fc00a2c39e90264f33305004495a9","hash":"77c0387d8bfe41556bc139fb21630592eadde1fc"}
}
