TN:
SF:index.js
FN:15,(anonymous_0)
FNF:1
FNH:1
FNDA:3,(anonymous_0)
DA:1,3
DA:2,3
DA:3,3
DA:5,3
DA:6,3
DA:8,3
DA:9,3
DA:10,3
DA:11,3
DA:12,3
DA:14,3
DA:15,3
DA:16,3
DA:19,3
LF:14
LH:14
BRDA:14,0,0,3
BRDA:14,0,1,0
BRF:2
BRH:1
end_of_record
TN:
SF:config/db.js
FN:10,(anonymous_0)
FN:16,(anonymous_1)
FN:17,(anonymous_2)
FN:18,(anonymous_3)
FNF:4
FNH:4
FNDA:3,(anonymous_0)
FNDA:103,(anonymous_1)
FNDA:103,(anonymous_2)
FNDA:103,(anonymous_3)
DA:1,3
DA:3,3
DA:10,3
DA:11,3
DA:12,0
DA:16,3
DA:17,103
DA:18,103
DA:19,103
DA:21,0
DA:27,3
LF:11
LH:9
BRDA:11,0,0,0
BRDA:11,0,1,3
BRDA:19,1,0,103
BRDA:19,1,1,0
BRF:4
BRH:2
end_of_record
TN:
SF:models/staff.js
FN:6,(anonymous_0)
FN:17,(anonymous_1)
FN:34,(anonymous_2)
FN:39,(anonymous_3)
FN:62,(anonymous_4)
FNF:5
FNH:4
FNDA:3,(anonymous_0)
FNDA:3,(anonymous_1)
FNDA:3,(anonymous_2)
FNDA:3,(anonymous_3)
FNDA:0,(anonymous_4)
DA:1,3
DA:2,3
DA:3,3
DA:7,3
DA:8,3
DA:9,3
DA:10,3
DA:11,3
DA:12,3
DA:13,3
DA:14,3
DA:18,3
DA:19,3
DA:20,12
DA:21,0
DA:23,3
DA:24,3
DA:25,3
DA:26,1
DA:27,2
DA:28,0
DA:29,0
DA:31,2
DA:35,3
DA:36,3
DA:37,3
DA:40,3
DA:41,3
DA:42,3
DA:43,1
DA:44,2
DA:45,2
DA:46,2
DA:47,0
DA:48,0
DA:50,2
DA:51,8
DA:53,2
DA:54,2
DA:55,2
DA:56,2
DA:58,0
DA:63,0
DA:64,0
DA:65,0
DA:66,0
DA:67,0
DA:69,0
DA:75,3
LF:49
LH:37
BRDA:18,0,0,0
BRDA:18,0,1,3
BRDA:20,1,0,0
BRDA:20,1,1,12
BRDA:20,2,0,12
BRDA:20,2,1,12
BRDA:23,3,0,0
BRDA:23,3,1,3
BRDA:25,4,0,1
BRDA:25,4,1,2
BRDA:27,5,0,0
BRDA:27,5,1,2
BRDA:29,6,0,0
BRDA:29,6,1,0
BRDA:42,7,0,1
BRDA:42,7,1,2
BRDA:46,8,0,0
BRDA:46,8,1,2
BRDA:63,9,0,0
BRDA:63,9,1,0
BRDA:63,10,0,0
BRDA:63,10,1,0
BRDA:65,11,0,0
BRDA:65,11,1,0
BRDA:65,12,0,0
BRDA:65,12,1,0
BRDA:66,13,0,0
BRDA:66,13,1,0
BRF:28
BRH:11
end_of_record
TN:
SF:routes/check_in.js
FN:6,(anonymous_0)
FNF:1
FNH:1
FNDA:3,(anonymous_0)
DA:1,3
DA:2,3
DA:3,3
DA:4,3
DA:6,3
DA:7,3
DA:8,3
DA:9,3
DA:10,3
DA:11,3
DA:12,3
DA:13,1
DA:14,1
DA:15,1
DA:18,3
LF:15
LH:15
BRDA:12,0,0,2
BRDA:12,0,1,1
BRDA:13,1,0,0
BRDA:13,1,1,1
BRF:4
BRH:3
end_of_record
TN:
SF:routes/customer.js
FN:6,(anonymous_0)
FN:12,(anonymous_1)
FN:32,(anonymous_2)
FNF:3
FNH:0
FNDA:0,(anonymous_0)
FNDA:0,(anonymous_1)
FNDA:0,(anonymous_2)
DA:1,3
DA:2,3
DA:3,3
DA:4,3
DA:6,3
DA:7,0
DA:8,0
DA:9,0
DA:12,3
DA:13,0
DA:14,0
DA:16,0
DA:17,0
DA:18,0
DA:19,0
DA:20,0
DA:22,0
DA:23,0
DA:24,0
DA:26,0
DA:27,0
DA:29,0
DA:32,3
DA:33,0
DA:34,0
DA:35,0
DA:36,0
DA:37,0
DA:38,0
DA:39,0
DA:41,0
DA:51,0
DA:52,0
DA:53,0
DA:55,0
DA:56,0
DA:60,3
LF:37
LH:8
BRDA:18,0,0,0
BRDA:18,0,1,0
BRDA:23,1,0,0
BRDA:23,1,1,0
BRDA:52,2,0,0
BRDA:52,2,1,0
BRF:6
BRH:0
end_of_record
TN:
SF:routes/staff.js
FN:5,(anonymous_0)
FN:9,(anonymous_1)
FN:14,(anonymous_2)
FNF:3
FNH:1
FNDA:3,(anonymous_0)
FNDA:0,(anonymous_1)
FNDA:0,(anonymous_2)
DA:1,3
DA:2,3
DA:3,3
DA:5,3
DA:6,3
DA:7,3
DA:9,3
DA:10,0
DA:11,0
DA:14,3
DA:15,0
DA:17,3
LF:12
LH:9
BRF:0
BRH:0
end_of_record
TN:
SF:routes/staff_dashboard.js
FN:6,(anonymous_0)
FNF:1
FNH:1
FNDA:2,(anonymous_0)
DA:1,3
DA:2,3
DA:3,3
DA:4,3
DA:6,3
DA:7,2
DA:8,2
DA:9,2
DA:10,1
DA:11,1
DA:12,1
DA:15,3
LF:12
LH:12
BRDA:9,0,0,1
BRDA:9,0,1,1
BRF:2
BRH:2
end_of_record
TN:
SF:routes/workspace.js
FN:5,(anonymous_0)
FN:30,(anonymous_1)
FN:37,(anonymous_2)
FNF:3
FNH:0
FNDA:0,(anonymous_0)
FNDA:0,(anonymous_1)
FNDA:0,(anonymous_2)
DA:1,3
DA:2,3
DA:3,3
DA:5,3
DA:6,0
DA:7,0
DA:8,0
DA:9,0
DA:10,0
DA:11,0
DA:14,0
DA:23,0
DA:24,0
DA:26,0
DA:30,3
DA:31,0
DA:34,0
DA:37,3
DA:38,0
DA:39,0
DA:42,3
LF:21
LH:7
BRDA:10,0,0,0
BRDA:10,0,1,0
BRDA:10,1,0,0
BRDA:10,1,1,0
BRF:4
BRH:0
end_of_record
TN:
SF:services/check_in.js
FN:3,isValidWorkspacdId
FN:10,isValidUserId
FNF:2
FNH:2
FNDA:5,isValidWorkspacdId
FNDA:3,isValidUserId
DA:1,3
DA:4,5
DA:5,5
DA:6,5
DA:7,3
DA:11,3
DA:12,3
DA:13,3
DA:14,2
DA:17,3
DA:18,3
LF:11
LH:11
BRDA:6,0,0,2
BRDA:6,0,1,3
BRDA:13,1,0,1
BRDA:13,1,1,2
BRF:4
BRH:4
end_of_record
TN:
SF:services/staff.js
FN:2,(anonymous_0)
FN:25,(anonymous_1)
FNF:2
FNH:1
FNDA:3,(anonymous_0)
FNDA:0,(anonymous_1)
DA:1,3
DA:2,3
DA:3,3
DA:4,3
DA:5,3
DA:6,3
DA:7,3
DA:8,3
DA:9,3
DA:10,3
DA:11,3
DA:12,3
DA:13,3
DA:14,3
DA:15,3
DA:16,2
DA:18,1
DA:21,0
DA:25,3
DA:26,0
DA:27,0
DA:28,0
DA:29,0
DA:31,3
LF:24
LH:19
BRDA:15,0,0,2
BRDA:15,0,1,1
BRF:2
BRH:2
end_of_record
TN:
SF:tests/random-entries/customer.js
FN:4,insertCustomer
FN:20,(anonymous_1)
FNF:2
FNH:2
FNDA:50,insertCustomer
FNDA:2,(anonymous_1)
DA:1,2
DA:2,2
DA:5,50
DA:6,50
DA:7,50
DA:10,50
DA:11,50
DA:12,50
DA:13,50
DA:14,50
DA:15,50
DA:16,50
DA:17,50
DA:20,2
DA:21,2
DA:22,2
DA:23,50
DA:24,50
DA:26,2
LF:19
LH:19
BRF:0
BRH:0
end_of_record
TN:
SF:tests/random-entries/random-string.js
FN:1,(anonymous_0)
FNF:1
FNH:1
FNDA:380,(anonymous_0)
DA:1,2
DA:2,380
DA:4,380
DA:5,380
DA:6,380
DA:7,1911
DA:9,380
LF:7
LH:7
BRF:0
BRH:0
end_of_record
TN:
SF:tests/random-entries/workspace.js
FN:2,insertWorkspace
FN:28,(anonymous_1)
FNF:2
FNH:2
FNDA:20,insertWorkspace
FNDA:2,(anonymous_1)
DA:1,2
DA:3,20
DA:4,20
DA:5,20
DA:6,20
DA:7,20
DA:8,20
DA:9,20
DA:10,20
DA:12,20
DA:22,20
DA:25,20
DA:28,2
DA:29,2
DA:30,2
DA:31,20
DA:32,20
DA:34,2
LF:18
LH:18
BRF:0
BRH:0
end_of_record
